<?xml version="1.0" encoding="UTF-8"?>
<!-- Generated by org.testng.reporters.JUnitXMLReporter -->
<testsuite ignored="0" hostname="LAPTOP-DKKHGLKH" failures="2" tests="9" name="RetryMulitple" time="0.181" errors="0" timestamp="20 May 2021 09:44:35 GMT">
  <testcase classname="MyTests.TestCases" name="test" time="0.104">
    <skipped/>
  </testcase> <!-- test -->
  <testcase classname="MyTests.TestCases" name="test" time="0.001">
    <skipped/>
  </testcase> <!-- test -->
  <testcase classname="MyTests.TestCases" name="test" time="0.001">
    <skipped/>
  </testcase> <!-- test -->
  <testcase classname="MyTests.TestCases" name="test" time="0.001">
    <failure type="junit.framework.AssertionFailedError" message="expected:&amp;lt;true&amp;gt; but was:&amp;lt;false&amp;gt;">
      <![CDATA[junit.framework.AssertionFailedError: expected:<true> but was:<false>
at junit.framework.Assert.fail(Assert.java:57)
at junit.framework.Assert.failNotEquals(Assert.java:329)
at junit.framework.Assert.assertEquals(Assert.java:78)
at junit.framework.Assert.assertEquals(Assert.java:174)
at junit.framework.Assert.assertEquals(Assert.java:181)
at MyTests.TestCases.test(TestCases.java:13)
... Removed 25 stack frames]]>
    </failure>
  </testcase> <!-- test -->
  <testcase classname="MyTests.TestCases" name="test_1" time="0.001">
    <skipped/>
  </testcase> <!-- test_1 -->
  <testcase classname="MyTests.TestCases" name="test_1" time="0.002">
    <skipped/>
  </testcase> <!-- test_1 -->
  <testcase classname="MyTests.TestCases" name="test_1" time="0.002">
    <skipped/>
  </testcase> <!-- test_1 -->
  <testcase classname="MyTests.TestCases" name="test_1" time="0.001">
    <failure type="junit.framework.AssertionFailedError" message="expected:&amp;lt;true&amp;gt; but was:&amp;lt;false&amp;gt;">
      <![CDATA[junit.framework.AssertionFailedError: expected:<true> but was:<false>
at junit.framework.Assert.fail(Assert.java:57)
at junit.framework.Assert.failNotEquals(Assert.java:329)
at junit.framework.Assert.assertEquals(Assert.java:78)
at junit.framework.Assert.assertEquals(Assert.java:174)
at junit.framework.Assert.assertEquals(Assert.java:181)
at MyTests.TestCases.test_1(TestCases.java:19)
... Removed 25 stack frames]]>
    </failure>
  </testcase> <!-- test_1 -->
  <testcase classname="MyTests.TestCases" name="test_2" time="0.002"/>
</testsuite> <!-- RetryMulitple -->
